<?xml version="1.0" encoding="UTF-8"?>
<!-- Generated by org.testng.reporters.JUnitReportReporter -->
<testsuite hostname="DESKTOP-QKUP3QK" failures="0" tests="2" name="TestCases.CandidateUploadDocuments" time="28.760" errors="0" timestamp="2025-04-19T14:36:56 IST" skipped="0">
  <testcase classname="TestCases.CandidateUploadDocuments" name="Loginpage" time="13.958"/>
  <testcase classname="TestCases.CandidateUploadDocuments" name="Uploaddocuments" time="14.802"/>
</testsuite> <!-- TestCases.CandidateUploadDocuments -->
