<?xml version="1.0" encoding="UTF-8"?>
<!-- Generated by org.testng.reporters.JUnitReportReporter -->
<testsuite hostname="DESKTOP-QKUP3QK" failures="0" tests="2" name="SuperadminTestCases.Login" time="4.967" errors="0" timestamp="2025-04-29T17:32:52 IST" skipped="0">
  <testcase classname="SuperadminTestCases.Login" name="Loginpage" time="0.758"/>
  <testcase classname="SuperadminTestCases.Login" name="Addemployees" time="4.209"/>
</testsuite> <!-- SuperadminTestCases.Login -->
