<?xml version="1.0" encoding="UTF-8"?>
<!-- Generated by org.testng.reporters.JUnitReportReporter -->
<testsuite hostname="DESKTOP-QKUP3QK" failures="0" tests="1" name="Loginpage.Loginpage" time="0.823" errors="0" timestamp="2025-04-16T10:13:12 IST" skipped="0">
  <testcase classname="Loginpage.Loginpage" name="Loginpage" time="0.823"/>
</testsuite> <!-- Loginpage.Loginpage -->
