<?xml version="1.0" encoding="UTF-8"?>
<!-- Generated by org.testng.reporters.JUnitReportReporter -->
<testsuite hostname="DESKTOP-QKUP3QK" failures="0" tests="2" name="SuperadminTestCases.AccesssDelegation" time="10.100" errors="0" timestamp="2025-04-22T12:54:14 IST" skipped="0">
  <testcase classname="SuperadminTestCases.AccesssDelegation" name="AccesssDelegation" time="1.076"/>
  <testcase classname="SuperadminTestCases.AccesssDelegation" name="Loginpage" time="9.024"/>
</testsuite> <!-- SuperadminTestCases.AccesssDelegation -->
