<?xml version="1.0" encoding="UTF-8"?>
<!-- Generated by org.testng.reporters.JUnitReportReporter -->
<testsuite hostname="DESKTOP-QKUP3QK" failures="0" tests="1" name="TestCases.Datapicker" time="4.523" errors="0" timestamp="2025-04-19T16:54:32 IST" skipped="0">
  <testcase classname="TestCases.Datapicker" name="Loginpage" time="4.523"/>
</testsuite> <!-- TestCases.Datapicker -->
