<?xml version="1.0" encoding="UTF-8"?>
<!-- Generated by org.testng.reporters.JUnitReportReporter -->
<testsuite hostname="DESKTOP-QKUP3QK" failures="0" tests="1" name="Loginpage.SampleTakeScreenshot" time="3.416" errors="0" timestamp="2025-04-17T17:27:49 IST" skipped="0">
  <testcase classname="Loginpage.SampleTakeScreenshot" name="Takescreenshot" time="3.416"/>
</testsuite> <!-- Loginpage.SampleTakeScreenshot -->
