<?xml version="1.0" encoding="UTF-8"?>
<!-- Generated by org.testng.reporters.JUnitReportReporter -->
<testsuite hostname="DESKTOP-QKUP3QK" failures="0" tests="4" name="TestCases.CandidateAddDetails" time="12.515" errors="0" timestamp="2025-04-21T14:57:58 IST" skipped="0">
  <testcase classname="TestCases.CandidateAddDetails" name="Loginpage" time="7.086"/>
  <testcase classname="TestCases.CandidateAddDetails" name="EmploymentDetails" time="0.372"/>
  <testcase classname="TestCases.CandidateAddDetails" name="EducationalDetails" time="2.794"/>
  <testcase classname="TestCases.CandidateAddDetails" name="PersonalDetails" time="2.263"/>
</testsuite> <!-- TestCases.CandidateAddDetails -->
